This is pdfTeX, Version 3.1415926-2.3-1.40.12 (Web2C 2011) (format=latex 2011.10.13)  30 JAN 2012 20:48
entering extended mode
 restricted \write18 enabled.
 %&-line parsing enabled.
**analyse_entwurf.tex
(./analyse_entwurf.tex
LaTeX2e <2011/06/27>
Babel <v3.8m> and hyphenation patterns for english, dumylang, nohyphenation, ge
rman-x-2011-07-01, ngerman-x-2011-07-01, afrikaans, ancientgreek, ibycus, arabi
c, armenian, basque, bulgarian, catalan, pinyin, coptic, croatian, czech, danis
h, dutch, ukenglish, usenglishmax, esperanto, estonian, ethiopic, farsi, finnis
h, french, galician, german, ngerman, swissgerman, monogreek, greek, hungarian,
 icelandic, assamese, bengali, gujarati, hindi, kannada, malayalam, marathi, or
iya, panjabi, tamil, telugu, indonesian, interlingua, irish, italian, kurmanji,
 lao, latin, latvian, lithuanian, mongolian, mongolianlmc, bokmal, nynorsk, pol
ish, portuguese, romanian, russian, sanskrit, serbian, serbianc, slovak, sloven
ian, spanish, swedish, turkish, turkmen, ukrainian, uppersorbian, welsh, loaded
.
(c:/texlive/2011/texmf-dist/tex/latex/base/report.cls
Document Class: report 2007/10/19 v1.4h Standard LaTeX document class
(c:/texlive/2011/texmf-dist/tex/latex/base/size10.clo
File: size10.clo 2007/10/19 v1.4h Standard LaTeX file (size option)
)
\c@part=\count79
\c@chapter=\count80
\c@section=\count81
\c@subsection=\count82
\c@subsubsection=\count83
\c@paragraph=\count84
\c@subparagraph=\count85
\c@figure=\count86
\c@table=\count87
\abovecaptionskip=\skip41
\belowcaptionskip=\skip42
\bibindent=\dimen102
)
(c:/texlive/2011/texmf-dist/tex/latex/amsmath/amsmath.sty
Package: amsmath 2000/07/18 v2.13 AMS math features
\@mathmargin=\skip43

For additional information on amsmath, use the `?' option.
(c:/texlive/2011/texmf-dist/tex/latex/amsmath/amstext.sty
Package: amstext 2000/06/29 v2.01

(c:/texlive/2011/texmf-dist/tex/latex/amsmath/amsgen.sty
File: amsgen.sty 1999/11/30 v2.0
\@emptytoks=\toks14
\ex@=\dimen103
))
(c:/texlive/2011/texmf-dist/tex/latex/amsmath/amsbsy.sty
Package: amsbsy 1999/11/29 v1.2d
\pmbraise@=\dimen104
)
(c:/texlive/2011/texmf-dist/tex/latex/amsmath/amsopn.sty
Package: amsopn 1999/12/14 v2.01 operator names
)
\inf@bad=\count88
LaTeX Info: Redefining \frac on input line 211.
\uproot@=\count89
\leftroot@=\count90
LaTeX Info: Redefining \overline on input line 307.
\classnum@=\count91
\DOTSCASE@=\count92
LaTeX Info: Redefining \ldots on input line 379.
LaTeX Info: Redefining \dots on input line 382.
LaTeX Info: Redefining \cdots on input line 467.
\Mathstrutbox@=\box26
\strutbox@=\box27
\big@size=\dimen105
LaTeX Font Info:    Redeclaring font encoding OML on input line 567.
LaTeX Font Info:    Redeclaring font encoding OMS on input line 568.
\macc@depth=\count93
\c@MaxMatrixCols=\count94
\dotsspace@=\muskip10
\c@parentequation=\count95
\dspbrk@lvl=\count96
\tag@help=\toks15
\row@=\count97
\column@=\count98
\maxfields@=\count99
\andhelp@=\toks16
\eqnshift@=\dimen106
\alignsep@=\dimen107
\tagshift@=\dimen108
\tagwidth@=\dimen109
\totwidth@=\dimen110
\lineht@=\dimen111
\@envbody=\toks17
\multlinegap=\skip44
\multlinetaggap=\skip45
\mathdisplay@stack=\toks18
LaTeX Info: Redefining \[ on input line 2666.
LaTeX Info: Redefining \] on input line 2667.
)
(c:/texlive/2011/texmf-dist/tex/latex/amsfonts/amssymb.sty
Package: amssymb 2009/06/22 v3.00

(c:/texlive/2011/texmf-dist/tex/latex/amsfonts/amsfonts.sty
Package: amsfonts 2009/06/22 v3.00 Basic AMSFonts support
\symAMSa=\mathgroup4
\symAMSb=\mathgroup5
LaTeX Font Info:    Overwriting math alphabet `\mathfrak' in version `bold'
(Font)                  U/euf/m/n --> U/euf/b/n on input line 96.
))
(c:/texlive/2011/texmf-dist/tex/latex/amsmath/amsxtra.sty
Package: amsxtra 1999/11/15 v1.2c
LaTeX Info: Redefining \nobreakspace on input line 77.
)
(c:/texlive/2011/texmf-dist/tex/latex/graphics/epsfig.sty
Package: epsfig 1999/02/16 v1.7a (e)psfig emulation (SPQR)

(c:/texlive/2011/texmf-dist/tex/latex/graphics/graphicx.sty
Package: graphicx 1999/02/16 v1.0f Enhanced LaTeX Graphics (DPC,SPQR)

(c:/texlive/2011/texmf-dist/tex/latex/graphics/keyval.sty
Package: keyval 1999/03/16 v1.13 key=value parser (DPC)
\KV@toks@=\toks19
)
(c:/texlive/2011/texmf-dist/tex/latex/graphics/graphics.sty
Package: graphics 2009/02/05 v1.0o Standard LaTeX Graphics (DPC,SPQR)

(c:/texlive/2011/texmf-dist/tex/latex/graphics/trig.sty
Package: trig 1999/03/16 v1.09 sin cos tan (DPC)
)
(c:/texlive/2011/texmf-dist/tex/latex/latexconfig/graphics.cfg
File: graphics.cfg 2010/04/23 v1.9 graphics configuration of TeX Live
)
Package graphics Info: Driver file: dvips.def on input line 91.

(c:/texlive/2011/texmf-dist/tex/latex/graphics/dvips.def
File: dvips.def 1999/02/16 v3.0i Driver-dependant file (DPC,SPQR)
))
\Gin@req@height=\dimen112
\Gin@req@width=\dimen113
)
\epsfxsize=\dimen114
\epsfysize=\dimen115
)
(c:/texlive/2011/texmf-dist/tex/latex/psfrag/psfrag.sty
Package: psfrag 1998/04/11 v3.04 PSfrag (MCG)
\pfg@pcount=\count100
\pfg@scount=\count101
\pfg@temp=\write3
)
(c:/texlive/2011/texmf-dist/tex/latex/listings/listings.sty
\lst@mode=\count102
\lst@gtempboxa=\box28
\lst@token=\toks20
\lst@length=\count103
\lst@currlwidth=\dimen116
\lst@column=\count104
\lst@pos=\count105
\lst@lostspace=\dimen117
\lst@width=\dimen118
\lst@newlines=\count106
\lst@lineno=\count107
\lst@maxwidth=\dimen119

(c:/texlive/2011/texmf-dist/tex/latex/listings/lstmisc.sty
File: lstmisc.sty 2007/02/22 1.4 (Carsten Heinz)
\c@lstnumber=\count108
\lst@skipnumbers=\count109
\lst@framebox=\box29
)
(c:/texlive/2011/texmf-dist/tex/latex/listings/listings.cfg
File: listings.cfg 2007/02/22 1.4 listings configuration
))
Package: listings 2007/02/22 1.4 (Carsten Heinz)

(./analyse_entwurf.aux

! Package babel Error: You haven't loaded the option german yet.

See the babel package documentation for explanation.
Type  H <return>  for immediate help.
 ...                                              
                                                  
l.3 \select@language{german}
                            
You may proceed, but expect unexpected results

(./vorwort.aux) (./analyse.aux) (./entwurf.aux) (./nutzerdoc.aux)
(./entwicklerdoc.aux) (./quellcode.aux))
\openout1 = `analyse_entwurf.aux'.

LaTeX Font Info:    Checking defaults for OML/cmm/m/it on input line 27.
LaTeX Font Info:    ... okay on input line 27.
LaTeX Font Info:    Checking defaults for T1/cmr/m/n on input line 27.
LaTeX Font Info:    ... okay on input line 27.
LaTeX Font Info:    Checking defaults for OT1/cmr/m/n on input line 27.
LaTeX Font Info:    ... okay on input line 27.
LaTeX Font Info:    Checking defaults for OMS/cmsy/m/n on input line 27.
LaTeX Font Info:    ... okay on input line 27.
LaTeX Font Info:    Checking defaults for OMX/cmex/m/n on input line 27.
LaTeX Font Info:    ... okay on input line 27.
LaTeX Font Info:    Checking defaults for U/cmr/m/n on input line 27.
LaTeX Font Info:    ... okay on input line 27.
\c@lstlisting=\count110

(c:/texlive/2011/texmf-dist/tex/latex/listings/lstlang1.sty
File: lstlang1.sty 2004/09/05 1.3 listings language file
)
File: figures/cces_logo.eps Graphic file (type eps)

<figures/cces_logo.eps>
LaTeX Font Info:    Try loading font information for U+msa on input line 36.
 (c:/texlive/2011/texmf-dist/tex/latex/amsfonts/umsa.fd
File: umsa.fd 2009/06/22 v3.00 AMS symbols A
)
LaTeX Font Info:    Try loading font information for U+msb on input line 36.
(c:/texlive/2011/texmf-dist/tex/latex/amsfonts/umsb.fd
File: umsb.fd 2009/06/22 v3.00 AMS symbols B
)
Overfull \hbox (13.15018pt too wide) in paragraph at lines 36--36
 \OT1/cmtt/m/n/12 [lena.blum|alexander.fischer|william.hulin]@rwth-aachen.de 
 []

[1

] (./analyse_entwurf.toc

! Package babel Error: You haven't loaded the option german yet.

See the babel package documentation for explanation.
Type  H <return>  for immediate help.
 ...                                              
                                                  
l.1 \select@language {german}
                             
You may proceed, but expect unexpected results

)
\tf@toc=\write4
\openout4 = `analyse_entwurf.toc'.

 [1

]
\openout2 = `vorwort.aux'.

 (./vorwort.tex
Chapter 1.
Missing character: There is no Ã in font cmr10!
Missing character: There is no ¶ in font cmr10!
LaTeX Font Info:    Try loading font information for OML+cmr on input line 29.
(c:/texlive/2011/texmf-dist/tex/latex/base/omlcmr.fd
File: omlcmr.fd 1999/05/25 v2.5h Standard LaTeX font definitions
)
LaTeX Font Info:    Font shape `OML/cmr/m/n' in size <10> not available
(Font)              Font shape `OML/cmm/m/it' tried instead on input line 29.

Overfull \hbox (94.83435pt too wide) in paragraph at lines 19--38
[]
 []


Underfull \hbox (badness 10000) in paragraph at lines 19--38

 []

) [2


] [3]
\openout2 = `analyse.aux'.

 (./analyse.tex
Chapter 2.
Missing character: There is no Ã in font cmr10!
Missing character: There is no ¶ in font cmr10!
Missing character: There is no Ã in font cmr10!
Missing character: There is no Ÿ in font cmr10!

Underfull \hbox (badness 10000) in paragraph at lines 13--17

 []


Overfull \hbox (15.915pt too wide) in paragraph at lines 36--36
[] 
 []


Overfull \hbox (2.4119pt too wide) in paragraph at lines 45--45
[] 
 []

[4



]
Overfull \hbox (25.8656pt too wide) in paragraph at lines 56--56
[] 
 []


Overfull \hbox (25.35179pt too wide) in paragraph at lines 61--61
[] 
 []


Overfull \hbox (27.12164pt too wide) in paragraph at lines 65--67
\OT1/cmr/m/it/10 Anwendungsf^^?alle (Statik: An-wen-dungs-fall-dia-gramme; Dy-n
amik: Ak-tivit^^?atsdiagramme;
 []

Missing character: There is no Ã in font cmr10!
Missing character: There is no ¶ in font cmr10!

Overfull \hbox (11.80614pt too wide) in paragraph at lines 70--78
\OT1/cmr/m/n/10 la-tion ein Fehler auftritt wird der An-wen-der ^^?uber ein Pop
up-Fenster be-nachrichtigt.
 []

) [5]
\openout2 = `entwurf.aux'.

 (./entwurf.tex
Chapter 3.
File: figures/StructureDiagGyroSim.eps Graphic file (type eps)
<figures/StructureDiagGyroSim.eps>
Overfull \hbox (88.62pt too wide) in paragraph at lines 6--7
[] 
 []

File: figures/RWTH_SSELAB_WS1112_CLASSES.eps Graphic file (type eps)
<figures/RWTH_SSELAB_WS1112_CLASSES.eps>
Overfull \hbox (88.62pt too wide) in paragraph at lines 14--15
[] 
 []

[6



]
File: figures/GUIParameterInputForm.eps Graphic file (type eps)
 <figures/GUIParameterInputForm.eps>
File: figures/GUIDisplayForm.eps Graphic file (type eps)
 <figures/GUIDisplayForm.eps>
Overfull \hbox (88.62pt too wide) in paragraph at lines 41--43
[]
 []


Overfull \hbox (88.62pt too wide) in paragraph at lines 41--43
[] 
 []

[7] [8]
File: figures/UseCaseTippeTop.eps Graphic file (type eps)
 <figures/UseCaseTippeTop.eps>
Overfull \hbox (88.62pt too wide) in paragraph at lines 45--46
[] 
 []

) [9] [10]
\openout2 = `nutzerdoc.aux'.

 (./nutzerdoc.tex
Chapter 4.
) [11



]
\openout2 = `entwicklerdoc.aux'.

 (./entwicklerdoc.tex
Chapter 5.
) [12



]
No file analyse_entwurf.bbl.
\openout2 = `quellcode.aux'.

(./quellcode.tex
Appendix A.
) [13



] (./analyse_entwurf.aux (./vorwort.aux) (./analyse.aux) (./entwurf.aux)
(./nutzerdoc.aux) (./entwicklerdoc.aux) (./quellcode.aux)) ) 
Here is how much of TeX's memory you used:
 2889 strings out of 493630
 37486 string characters out of 3146713
 117176 words of memory out of 3000000
 6126 multiletter control sequences out of 15000+200000
 14198 words of font info for 54 fonts, out of 3000000 for 9000
 831 hyphenation exceptions out of 8191
 32i,16n,32p,293b,264s stack positions out of 5000i,500n,10000p,200000b,50000s

Output written on analyse_entwurf.dvi (14 pages, 15660 bytes).
